<?xml version="1.0" encoding="utf-8"?><testsuites name="pytest tests"><testsuite name="pytest" errors="0" failures="0" skipped="0" tests="9" time="6.951" timestamp="2026-04-14T16:27:38.345095+00:00" hostname="agent-env-d46a486a-4acd-417e-a0ef-d24485a32bf7"><testcase classname="tests.test_iteration4_features.TestDailyRewards" name="test_get_daily_reward_status" time="0.743" /><testcase classname="tests.test_iteration4_features.TestDailyRewards" name="test_claim_daily_reward_without_studying" time="0.805" /><testcase classname="tests.test_iteration4_features.TestDailyRewards" name="test_daily_reward_requires_auth" time="0.173" /><testcase classname="tests.test_iteration4_features.TestPrivateClasses" name="test_create_private_class" time="0.563" /><testcase classname="tests.test_iteration4_features.TestPrivateClasses" name="test_create_public_class" time="0.553" /><testcase classname="tests.test_iteration4_features.TestGradeLockedClasses" name="test_create_grade_locked_class" time="0.559" /><testcase classname="tests.test_iteration4_features.TestGradeLockedClasses" name="test_join_grade_locked_class_matching_grade" time="1.134" /><testcase classname="tests.test_iteration4_features.TestGradeLockedClasses" name="test_join_grade_locked_class_mismatched_grade" time="1.218" /><testcase classname="tests.test_iteration4_features.TestGradeLockedClasses" name="test_join_unlocked_class_any_grade" time="1.113" /></testsuite></testsuites>