<?xml version="1.0" encoding="utf-8"?><testsuites name="pytest tests"><testsuite name="pytest" errors="0" failures="0" skipped="0" tests="14" time="6.269" timestamp="2026-04-14T15:13:43.938136+00:00" hostname="agent-env-d46a486a-4acd-417e-a0ef-d24485a32bf7"><testcase classname="tests.test_flashcard_app.TestAuth" name="test_login_admin_success" time="0.530" /><testcase classname="tests.test_flashcard_app.TestAuth" name="test_login_invalid_credentials" time="0.384" /><testcase classname="tests.test_flashcard_app.TestAuth" name="test_register_new_user" time="0.367" /><testcase classname="tests.test_flashcard_app.TestAuth" name="test_register_duplicate_email" time="0.115" /><testcase classname="tests.test_flashcard_app.TestAuth" name="test_get_me_with_token" time="0.488" /><testcase classname="tests.test_flashcard_app.TestAuth" name="test_get_me_without_token" time="0.157" /><testcase classname="tests.test_flashcard_app.TestSubjects" name="test_get_subjects_authenticated" time="0.465" /><testcase classname="tests.test_flashcard_app.TestSubjects" name="test_get_subjects_unauthenticated" time="0.111" /><testcase classname="tests.test_flashcard_app.TestFlashcards" name="test_get_flashcards_for_subject" time="0.451" /><testcase classname="tests.test_flashcard_app.TestFlashcards" name="test_create_flashcard" time="0.563" /><testcase classname="tests.test_flashcard_app.TestStudySession" name="test_start_study_session" time="0.488" /><testcase classname="tests.test_flashcard_app.TestStudySession" name="test_submit_study_results" time="0.624" /><testcase classname="tests.test_flashcard_app.TestStudySession" name="test_submit_mixed_results" time="0.654" /><testcase classname="tests.test_flashcard_app.TestProgress" name="test_get_progress_stats" time="0.776" /></testsuite></testsuites>