<?xml version="1.0" encoding="utf-8"?><testsuites name="pytest tests"><testsuite name="pytest" errors="0" failures="0" skipped="0" tests="17" time="15.952" timestamp="2026-04-14T15:31:48.384892+00:00" hostname="agent-env-d46a486a-4acd-417e-a0ef-d24485a32bf7"><testcase classname="test_new_features.TestGradeFiltering" name="test_get_subjects_with_grade_filter" time="0.618" /><testcase classname="test_new_features.TestGradeFiltering" name="test_get_subjects_with_college_grade" time="0.497" /><testcase classname="test_new_features.TestGradeFiltering" name="test_get_subjects_without_grade_filter" time="0.536" /><testcase classname="test_new_features.TestUserSettings" name="test_update_user_grade_level" time="0.809" /><testcase classname="test_new_features.TestUserSettings" name="test_update_user_grade_to_null" time="0.650" /><testcase classname="test_new_features.TestUserSettings" name="test_update_invalid_grade_level" time="0.430" /><testcase classname="test_new_features.TestUserSettings" name="test_update_notifications" time="0.833" /><testcase classname="test_new_features.TestClasses" name="test_create_class" time="0.496" /><testcase classname="test_new_features.TestClasses" name="test_join_class" time="1.188" /><testcase classname="test_new_features.TestClasses" name="test_join_class_invalid_code" time="0.935" /><testcase classname="test_new_features.TestClasses" name="test_get_my_classes" time="1.349" /><testcase classname="test_new_features.TestClasses" name="test_get_class_detail" time="1.701" /><testcase classname="test_new_features.TestClasses" name="test_share_deck_to_class" time="1.527" /><testcase classname="test_new_features.TestClasses" name="test_study_shared_deck" time="1.360" /><testcase classname="test_new_features.TestExportImport" name="test_export_deck" time="0.981" /><testcase classname="test_new_features.TestExportImport" name="test_import_deck" time="1.137" /><testcase classname="test_new_features.TestExportImport" name="test_import_invalid_deck" time="0.807" /></testsuite></testsuites>