<?xml version="1.0" encoding="utf-8"?><testsuites name="pytest tests"><testsuite name="pytest" errors="0" failures="0" skipped="0" tests="9" time="4.896" timestamp="2026-04-14T16:06:28.311099+00:00" hostname="agent-env-d46a486a-4acd-417e-a0ef-d24485a32bf7"><testcase classname="tests.test_iteration3_features.TestSubjectStats" name="test_get_subject_stats" time="0.627" /><testcase classname="tests.test_iteration3_features.TestSubjectStats" name="test_subject_stats_requires_auth" time="0.148" /><testcase classname="tests.test_iteration3_features.TestClassLeaderboard" name="test_get_class_leaderboard" time="0.652" /><testcase classname="tests.test_iteration3_features.TestClassLeaderboard" name="test_leaderboard_requires_membership" time="0.511" /><testcase classname="tests.test_iteration3_features.TestClassLeaderboard" name="test_leaderboard_with_multiple_members" time="1.186" /><testcase classname="tests.test_iteration3_features.TestThemeToggle" name="test_update_theme_to_dark" time="0.624" /><testcase classname="tests.test_iteration3_features.TestThemeToggle" name="test_update_theme_to_light" time="0.470" /><testcase classname="tests.test_iteration3_features.TestThemeToggle" name="test_update_invalid_theme" time="0.475" /><testcase classname="tests.test_iteration3_features.TestThemeToggle" name="test_theme_requires_auth" time="0.122" /></testsuite></testsuites>