<?xml version="1.0" encoding="utf-8"?><testsuites name="pytest tests"><testsuite name="pytest" errors="0" failures="0" skipped="0" tests="10" time="12.083" timestamp="2026-04-14T17:15:32.180281+00:00" hostname="agent-env-d46a486a-4acd-417e-a0ef-d24485a32bf7"><testcase classname="backend.tests.test_iteration6_features.TestAIGeneration" name="test_ai_generate_endpoint_requires_auth" time="0.192" /><testcase classname="backend.tests.test_iteration6_features.TestAIGeneration" name="test_ai_generate_endpoint_exists" time="8.487" /><testcase classname="backend.tests.test_iteration6_features.TestAIGeneration" name="test_ai_generate_validates_input" time="0.454" /><testcase classname="backend.tests.test_iteration6_features.TestSyncStatus" name="test_sync_status_requires_auth" time="0.125" /><testcase classname="backend.tests.test_iteration6_features.TestSyncStatus" name="test_sync_status_returns_data" time="0.462" /><testcase classname="backend.tests.test_iteration6_features.TestSyncStatus" name="test_sync_status_includes_last_activity" time="0.439" /><testcase classname="backend.tests.test_iteration6_features.TestRegressionAPIs" name="test_daily_rewards_still_works" time="0.426" /><testcase classname="backend.tests.test_iteration6_features.TestRegressionAPIs" name="test_challenges_still_works" time="0.455" /><testcase classname="backend.tests.test_iteration6_features.TestRegressionAPIs" name="test_exam_mode_still_works" time="0.447" /><testcase classname="backend.tests.test_iteration6_features.TestRegressionAPIs" name="test_subjects_endpoint_still_works" time="0.511" /></testsuite></testsuites>