<?xml version="1.0" encoding="utf-8"?><testsuites name="pytest tests"><testsuite name="pytest" errors="0" failures="0" skipped="0" tests="12" time="5.474" timestamp="2026-04-16T18:17:27.914141+00:00" hostname="agent-env-d46a486a-4acd-417e-a0ef-d24485a32bf7"><testcase classname="tests.test_referral_offline.TestReferralSystem" name="test_admin_has_referral_code" time="0.574" /><testcase classname="tests.test_referral_offline.TestReferralSystem" name="test_get_referral_stats" time="0.457" /><testcase classname="tests.test_referral_offline.TestReferralSystem" name="test_register_without_referral_code" time="0.330" /><testcase classname="tests.test_referral_offline.TestReferralSystem" name="test_register_with_valid_referral_code" time="1.126" /><testcase classname="tests.test_referral_offline.TestReferralSystem" name="test_register_with_invalid_referral_code" time="0.337" /><testcase classname="tests.test_referral_offline.TestReferralSystem" name="test_referral_stats_requires_auth" time="0.116" /><testcase classname="tests.test_referral_offline.TestSyncStatus" name="test_get_sync_status" time="0.462" /><testcase classname="tests.test_referral_offline.TestSyncStatus" name="test_sync_status_requires_auth" time="0.131" /><testcase classname="tests.test_referral_offline.TestRegressionPreviousFeatures" name="test_login_still_works" time="0.361" /><testcase classname="tests.test_referral_offline.TestRegressionPreviousFeatures" name="test_get_subjects_still_works" time="0.502" /><testcase classname="tests.test_referral_offline.TestRegressionPreviousFeatures" name="test_daily_rewards_still_works" time="0.482" /><testcase classname="tests.test_referral_offline.TestRegressionPreviousFeatures" name="test_challenges_still_works" time="0.510" /></testsuite></testsuites>