<?xml version="1.0" encoding="utf-8"?><testsuites name="pytest tests"><testsuite name="pytest" errors="0" failures="0" skipped="0" tests="15" time="8.232" timestamp="2026-04-14T16:55:40.582625+00:00" hostname="agent-env-d46a486a-4acd-417e-a0ef-d24485a32bf7"><testcase classname="tests.test_iteration5_features.TestExamRevisionMode" name="test_exam_mode_returns_all_cards_no_grade_filter" time="0.862" /><testcase classname="tests.test_iteration5_features.TestExamRevisionMode" name="test_exam_mode_returns_up_to_30_cards" time="0.513" /><testcase classname="tests.test_iteration5_features.TestExamRevisionMode" name="test_exam_mode_prioritizes_by_weakness" time="0.504" /><testcase classname="tests.test_iteration5_features.TestExamRevisionMode" name="test_exam_mode_includes_mastery_percentage" time="0.491" /><testcase classname="tests.test_iteration5_features.TestExamRevisionMode" name="test_exam_mode_invalid_subject" time="0.483" /><testcase classname="tests.test_iteration5_features.TestWeeklyChallenges" name="test_get_challenges_returns_4_challenges" time="0.458" /><testcase classname="tests.test_iteration5_features.TestWeeklyChallenges" name="test_challenges_have_required_fields" time="0.442" /><testcase classname="tests.test_iteration5_features.TestWeeklyChallenges" name="test_challenges_show_progress" time="0.435" /><testcase classname="tests.test_iteration5_features.TestWeeklyChallenges" name="test_claim_challenge_when_completed" time="0.620" /><testcase classname="tests.test_iteration5_features.TestWeeklyChallenges" name="test_claim_challenge_already_claimed" time="0.707" /><testcase classname="tests.test_iteration5_features.TestWeeklyChallenges" name="test_claim_challenge_not_completed" time="0.597" /><testcase classname="tests.test_iteration5_features.TestSocialSharing" name="test_share_profile_returns_formatted_text" time="0.462" /><testcase classname="tests.test_iteration5_features.TestSocialSharing" name="test_share_profile_includes_user_stats" time="0.436" /><testcase classname="tests.test_iteration5_features.TestSocialSharing" name="test_share_session_returns_formatted_text" time="0.436" /><testcase classname="tests.test_iteration5_features.TestSocialSharing" name="test_share_session_emoji_varies_by_score" time="0.682" /></testsuite></testsuites>